Mplus VERSION 8.6
MUTHEN & MUTHEN
11/19/2021   3:00 PM

INPUT INSTRUCTIONS

  TITLE:
  Mplus_check-chainsf_Gaus_Chi2AR_nPROC-1
  DATA:
  FILE = "Mplus_check-chainsf_Gaus_Chi2AR_nPROC-1.dat";

  VARIABLE:
  NAMES = subject t x;
   MISSING=.;

      CLUSTER = subject;
      LAGGED = x(1);
      TINTERVAL = t(1);

  ANALYSIS:
  TYPE = TWOLEVEL RANDOM;
  ESTIMATOR = BAYES;
  PROCESSORS = 4;
   CHAINS = 2;
   THIN = 2;
  BITERATIONS = 5000(2000);
  MODEL:

      %WITHIN%
    	phi | x ON x&1;
    	logv | x;
    	%BETWEEN%
    	x phi logv WITH x phi logv;
  OUTPUT:
  TECH1 TECH2 TECH3 TECH8 FSCOMPARISON STANDARDIZED STDYX STDY;
  PLOT:
  TYPE = PLOT3;
  	  FACTORS = ALL (500);



INPUT READING TERMINATED NORMALLY




Mplus_check-chainsf_Gaus_Chi2AR_nPROC-1

SUMMARY OF ANALYSIS

Number of groups                                                 1
Number of observations                                      100000

Number of dependent variables                                    1
Number of independent variables                                  1
Number of continuous latent variables                            2

Observed dependent variables

  Continuous
   X

Observed independent variables
   X&1

Continuous latent variables
   PHI         LOGV

Variables with special functions

  Cluster variable      SUBJECT

  Within variables
   X&1


Estimator                                                    BAYES
Specifications for Bayesian Estimation
  Point estimate                                            MEDIAN
  Number of Markov chain Monte Carlo (MCMC) chains               2
  Random seed for the first chain                                0
  Starting value information                           UNPERTURBED
  Algorithm used for Markov chain Monte Carlo           GIBBS(PX1)
  Convergence criterion                                  0.500D-01
  Maximum number of iterations                                5000
  K-th iteration used for thinning                               2
Specifications for Bayes Factor Score Estimation
  Number of imputed data sets                                  500
  Iteration intervals for thinning                               1

Input data file(s)
  Mplus_check-chainsf_Gaus_Chi2AR_nPROC-1.dat
Input data format  FREE


SUMMARY OF DATA

     Number of clusters                        100

       Size (s)    Cluster ID with Size s

       1000        1 2 3 4 5 6 7 8 9 10 11 12 13 14 15 16 17 18 19 20 21
                   22 23 24 25 26 27 28 29 30 31 32 33 34 35 36 37 38 39
                   40 41 42 43 44 45 46 47 48 49 50 51 52 53 54 55 56 57
                   58 59 60 61 62 63 64 65 66 67 68 69 70 71 72 73 74 75
                   76 77 78 79 80 81 82 83 84 85 86 87 88 89 90 91 92 93
                   94 95 96 97 98 99 100



SUMMARY OF MISSING DATA PATTERNS

     Number of missing data patterns             2


     MISSING DATA PATTERNS (x = not missing)

           1  2
 X         x  x
 X&1       x


     MISSING DATA PATTERN FREQUENCIES

    Pattern   Frequency     Pattern   Frequency
          1       99900           2         100


COVARIANCE COVERAGE OF DATA

Minimum covariance coverage value   0.100


     PROPORTION OF DATA PRESENT


           Covariance Coverage
              X
              ________
 X              1.000



UNIVARIATE SAMPLE STATISTICS


     UNIVARIATE HIGHER-ORDER MOMENT DESCRIPTIVE STATISTICS

         Variable/         Mean/     Skewness/   Minimum/ % with                Percentiles
        Sample Size      Variance    Kurtosis    Maximum  Min/Max      20%/60%    40%/80%    Median

     X                    10.134       0.762       0.205    0.00%       5.857      8.331      9.530
          100000.000      24.042       0.809      43.492    0.00%      10.806     14.004


THE MODEL ESTIMATION TERMINATED NORMALLY

     USE THE FBITERATIONS OPTION TO INCREASE THE NUMBER OF ITERATIONS BY A FACTOR
     OF AT LEAST TWO TO CHECK CONVERGENCE AND THAT THE PSR VALUE DOES NOT INCREASE.



MODEL FIT INFORMATION

Number of Free Parameters                               9

Information Criteria

          Deviance (DIC)                       527900.327
          Estimated Number of Parameters (pD)     241.412



MODEL RESULTS

                                Posterior  One-Tailed         95% C.I.
                    Estimate       S.D.      P-Value   Lower 2.5%  Upper 2.5%  Significance

Within Level

Between Level

 X        WITH
    PHI               -0.002       0.014      0.457      -0.029       0.026
    LOGV               1.165       0.181      0.000       0.869       1.574      *

 PHI      WITH
    LOGV               0.001       0.002      0.308      -0.003       0.004

 Means
    X                 10.129       0.317      0.000       9.513      10.775      *
    PHI                0.397       0.004      0.000       0.389       0.405      *
    LOGV               2.440       0.038      0.000       2.367       2.516      *

 Variances
    X                 10.309       1.575      0.000       7.717      13.832      *
    PHI                0.001       0.000      0.000       0.001       0.001      *
    LOGV               0.142       0.022      0.000       0.106       0.192      *


STANDARDIZED MODEL RESULTS


STDYX Standardization

                                Posterior  One-Tailed         95% C.I.
                    Estimate       S.D.      P-Value   Lower 2.5%  Upper 2.5%  Significance

Within-Level Standardized Estimates Averaged Over Clusters

 PHI | X ON
    X&1                0.397       0.003      0.000       0.391       0.402      *

 LOGV |
    X                  0.842       0.002      0.000       0.838       0.846      *

Between Level

 X        WITH
    PHI               -0.020       0.146      0.457      -0.306       0.273
    LOGV               0.965       0.008      0.000       0.946       0.978      *

 PHI      WITH
    LOGV               0.072       0.146      0.308      -0.234       0.345

 Means
    X                  3.158       0.251      0.000       2.682       3.696      *
    PHI               14.183       1.434      0.000      11.570      17.221      *
    LOGV               6.476       0.489      0.000       5.549       7.503      *

 Variances
    X                  1.000       0.000      0.000       1.000       1.000
    PHI                1.000       0.000      0.000       1.000       1.000
    LOGV               1.000       0.000      0.000       1.000       1.000


STDY Standardization

                                Posterior  One-Tailed         95% C.I.
                    Estimate       S.D.      P-Value   Lower 2.5%  Upper 2.5%  Significance

Within-Level Standardized Estimates Averaged Over Clusters

 PHI | X ON
    X&1                0.109       0.001      0.000       0.108       0.111      *

 LOGV |
    X                  0.842       0.002      0.000       0.838       0.846      *

Between Level

 X        WITH
    PHI               -0.020       0.146      0.457      -0.306       0.273
    LOGV               0.965       0.008      0.000       0.946       0.978      *

 PHI      WITH
    LOGV               0.072       0.146      0.308      -0.234       0.345

 Means
    X                  3.158       0.251      0.000       2.682       3.696      *
    PHI               14.183       1.434      0.000      11.570      17.221      *
    LOGV               6.476       0.489      0.000       5.549       7.503      *

 Variances
    X                  1.000       0.000      0.000       1.000       1.000
    PHI                1.000       0.000      0.000       1.000       1.000
    LOGV               1.000       0.000      0.000       1.000       1.000


R-SQUARE

Within-Level R-Square Averaged Across Clusters

                                Posterior  One-Tailed         95% C.I.
    Variable        Estimate       S.D.      P-Value   Lower 2.5%  Upper 2.5%

    X                  0.158       0.002      0.000       0.154       0.162


BETWEEN-LEVEL FACTOR SCORE COMPARISONS

 Results for Factor PHI

 Ranking  Cluster    Factor Score     Ranking  Cluster    Factor Score     Ranking  Cluster    Factor Score
     1        76          0.457           2        71          0.422           3        59          0.420
     4        52          0.420           5        74          0.420           6        83          0.420
     7        58          0.418           8        92          0.417           9        33          0.417
    10        15          0.417          11        64          0.416          12        63          0.415
    13        56          0.415          14        55          0.414          15        20          0.413
    16        38          0.413          17        43          0.412          18        16          0.412
    19         8          0.411          20        93          0.411          21        68          0.411
    22         3          0.410          23        97          0.409          24        36          0.408
    25        88          0.408          26        21          0.408          27         1          0.408
    28        26          0.407          29        23          0.407          30        66          0.406
    31        57          0.406          32        77          0.405          33        87          0.405
    34        53          0.404          35        99          0.404          36        50          0.403
    37        27          0.403          38         9          0.403          39        10          0.402
    40        19          0.401          41        90          0.400          42        70          0.400
    43        81          0.399          44        32          0.399          45        45          0.399
    46        86          0.399          47        29          0.398          48        46          0.398
    49        96          0.398          50        79          0.398          51        67          0.398
    52        31          0.397          53        49          0.397          54        91          0.396
    55        14          0.396          56        42          0.396          57        82          0.396
    58         2          0.396          59        12          0.395          60        48          0.395
    61        80          0.395          62        24          0.395          63        47          0.394
    64        69          0.394          65        30          0.394          66        78          0.393
    67        13          0.393          68        61          0.392          69        51          0.391
    70        98          0.391          71        22          0.391          72        25          0.391
    73        75          0.389          74        35          0.388          75        18          0.388
    76        44          0.388          77         5          0.387          78        40          0.387
    79        73          0.387          80        94          0.386          81        95          0.385
    82        37          0.384          83        34          0.384          84       100          0.383
    85        41          0.383          86        62          0.380          87        54          0.380
    88        89          0.379          89        39          0.378          90         4          0.378
    91        60          0.377          92        84          0.370          93        28          0.367
    94         7          0.365          95        11          0.364          96        85          0.363
    97         6          0.361          98        72          0.359          99        65          0.351
   100        17          0.343

 Results for Factor LOGV

 Ranking  Cluster    Factor Score     Ranking  Cluster    Factor Score     Ranking  Cluster    Factor Score
     1        12          3.139           2        67          3.058           3        32          2.932
     4        47          2.931           5        26          2.917           6         6          2.890
     7        29          2.875           8        11          2.869           9        43          2.866
    10        17          2.856          11       100          2.847          12         7          2.842
    13        91          2.834          14        70          2.810          15        59          2.805
    16        21          2.804          17         9          2.788          18        75          2.756
    19        83          2.750          20        89          2.746          21        10          2.736
    22        48          2.725          23        49          2.718          24        31          2.703
    25        85          2.686          26        71          2.686          27        18          2.677
    28        64          2.669          29        84          2.667          30        62          2.662
    31        41          2.642          32        35          2.641          33        57          2.638
    34        86          2.637          35        60          2.625          36        53          2.619
    37        52          2.617          38        90          2.600          39        22          2.595
    40        30          2.576          41        77          2.574          42        39          2.565
    43        55          2.565          44        68          2.563          45        99          2.562
    46        58          2.558          47        94          2.536          48        34          2.512
    49        36          2.506          50        74          2.499          51        98          2.496
    52        50          2.473          53        51          2.464          54        15          2.464
    55        46          2.460          56        44          2.447          57         3          2.424
    58        76          2.423          59        19          2.415          60        45          2.409
    61        16          2.401          62        24          2.392          63        33          2.384
    64        42          2.383          65        20          2.378          66        61          2.356
    67        79          2.351          68        38          2.343          69        69          2.333
    70        88          2.328          71        13          2.308          72         2          2.308
    73         8          2.307          74        25          2.293          75        97          2.270
    76        96          2.268          77        92          2.227          78        63          2.201
    79        95          2.201          80        56          2.176          81        23          2.138
    82        82          2.134          83        80          2.059          84        73          2.051
    85        81          2.008          86        66          1.998          87         1          1.953
    88        93          1.945          89        14          1.933          90        72          1.920
    91        27          1.918          92        37          1.878          93        28          1.854
    94         5          1.851          95        78          1.833          96        54          1.820
    97         4          1.703          98        40          1.636          99        87          1.617
   100        65          1.069

 Results for X (referred to as plausible label B_X)

 Ranking  Cluster    Factor Score     Ranking  Cluster    Factor Score     Ranking  Cluster    Factor Score
     1        12         17.050           2        67         16.428           3        47         15.290
     4        17         15.085           5        11         14.916           6         6         14.797
     7        32         14.741           8        26         14.565           9        70         14.536
    10        29         14.474          11        43         14.299          12         7         14.245
    13       100         14.179          14        10         13.770          15         9         13.397
    16        21         13.372          17        59         13.359          18        91         13.324
    19        75         13.240          20        89         12.944          21        48         12.893
    22        85         12.645          23        31         12.564          24        86         12.275
    25        35         12.214          26        41         12.163          27        49         12.137
    28        64         12.113          29        52         12.059          30        84         12.049
    31        71         11.850          32        18         11.800          33        83         11.789
    34        62         11.752          35        57         11.663          36        90         11.414
    37        30         11.407          38        53         11.298          39        22         11.290
    40        60         11.239          41        39         11.060          42        68         10.951
    43        77         10.947          44        99         10.827          45        36         10.707
    46        98         10.700          47        55         10.631          48        74         10.454
    49        50         10.429          50        34         10.423          51        94         10.276
    52        46         10.013          53        44         10.012          54        15          9.793
    55        42          9.757          56        58          9.757          57        88          9.589
    58        51          9.362          59        79          9.313          60        19          9.305
    61        24          9.243          62        69          9.214          63         3          9.164
    64        25          9.029          65        16          8.919          66        61          8.885
    67        76          8.878          68        13          8.760          69        20          8.723
    70        45          8.697          71         2          8.592          72        33          8.513
    73        38          8.450          74         8          8.395          75        95          8.096
    76        96          7.910          77        97          7.768          78        92          7.593
    79        63          7.577          80        82          7.158          81        80          7.134
    82        56          7.107          83        23          7.069          84        66          6.585
    85        73          6.535          86        81          6.035          87        28          5.915
    88         5          5.905          89        72          5.831          90        14          5.767
    91        93          5.760          92        27          5.725          93        78          5.480
    94         1          5.452          95        37          5.420          96        54          5.070
    97         4          4.856          98        40          4.493          99        87          4.155
   100        65          2.312


TECHNICAL 1 OUTPUT


     PARAMETER SPECIFICATION FOR WITHIN


           NU
              X             X&1
              ________      ________
                    0             0


           LAMBDA
              X             X&1
              ________      ________
 X                  0             0
 X&1                0             0


           THETA
              X             X&1
              ________      ________
 X                  0
 X&1                0             0


           ALPHA
              X             X&1
              ________      ________
                    0             0


           BETA
              X             X&1
              ________      ________
 X                  0             0
 X&1                0             0


           PSI
              X             X&1
              ________      ________
 X                  0
 X&1                0             0


     PARAMETER SPECIFICATION FOR BETWEEN


           NU
              X
              ________
                    0


           LAMBDA
              PHI           LOGV          X
              ________      ________      ________
 X                  0             0             0


           THETA
              X
              ________
 X                  0


           ALPHA
              PHI           LOGV          X
              ________      ________      ________
                    1             2             3


           BETA
              PHI           LOGV          X
              ________      ________      ________
 PHI                0             0             0
 LOGV               0             0             0
 X                  0             0             0


           PSI
              PHI           LOGV          X
              ________      ________      ________
 PHI                4
 LOGV               5             6
 X                  7             8             9


     STARTING VALUES FOR WITHIN


           NU
              X             X&1
              ________      ________
                0.000         0.000


           LAMBDA
              X             X&1
              ________      ________
 X              1.000         0.000
 X&1            0.000         1.000


           THETA
              X             X&1
              ________      ________
 X              0.000
 X&1            0.000         0.000


           ALPHA
              X             X&1
              ________      ________
                0.000         0.000


           BETA
              X             X&1
              ________      ________
 X              0.000         0.000
 X&1            0.000         0.000


           PSI
              X             X&1
              ________      ________
 X              0.000
 X&1            0.000        12.022


     STARTING VALUES FOR BETWEEN


           NU
              X
              ________
                0.000


           LAMBDA
              PHI           LOGV          X
              ________      ________      ________
 X              0.000         0.000         1.000


           THETA
              X
              ________
 X              0.000


           ALPHA
              PHI           LOGV          X
              ________      ________      ________
                0.000         0.000        10.134


           BETA
              PHI           LOGV          X
              ________      ________      ________
 PHI            0.000         0.000         0.000
 LOGV           0.000         0.000         0.000
 X              0.000         0.000         0.000


           PSI
              PHI           LOGV          X
              ________      ________      ________
 PHI            1.000
 LOGV           0.000         1.000
 X              0.000         0.000        12.021



     PRIORS FOR ALL PARAMETERS            PRIOR MEAN      PRIOR VARIANCE     PRIOR STD. DEV.

     Parameter 1~N(0.000,infinity)           0.0000            infinity            infinity
     Parameter 2~N(0.000,infinity)           0.0000            infinity            infinity
     Parameter 3~N(0.000,infinity)           0.0000            infinity            infinity
     Parameter 4~IW(0.000,-4)              infinity            infinity            infinity
     Parameter 5~IW(0.000,-4)              infinity            infinity            infinity
     Parameter 6~IW(0.000,-4)              infinity            infinity            infinity
     Parameter 7~IW(0.000,-4)              infinity            infinity            infinity
     Parameter 8~IW(0.000,-4)              infinity            infinity            infinity
     Parameter 9~IW(0.000,-4)              infinity            infinity            infinity


TECHNICAL 2 OUTPUT


TECHNICAL 3 OUTPUT


           ESTIMATED COVARIANCE MATRIX FOR PARAMETER ESTIMATES
                     1             2             3             4             5
              ________      ________      ________      ________      ________
        1   0.156264D-04
        2   0.106463D-04  0.141221D-02
        3  -0.555253D-05  0.113616D-01  0.100751D+00
        4   0.162952D-07 -0.289232D-07 -0.958432D-06  0.264210D-07
        5   0.184748D-06 -0.174885D-06 -0.476579D-05  0.302359D-07  0.262405D-05
        6   0.865710D-06  0.346791D-04  0.296077D-03  0.370372D-07  0.188721D-05
        7   0.706397D-06 -0.160471D-05 -0.143036D-04  0.352789D-08  0.212956D-04
        8   0.677164D-05  0.254157D-03  0.215847D-02  0.709738D-07  0.103574D-05
        9   0.767519D-04  0.192577D-02  0.156553D-01  0.400346D-06 -0.113006D-03


           ESTIMATED COVARIANCE MATRIX FOR PARAMETER ESTIMATES
                     6             7             8             9
              ________      ________      ________      ________
        6   0.476345D-03
        7   0.171908D-04  0.188865D-03
        8   0.386169D-02  0.306181D-04  0.327907D-01
        9   0.313912D-01 -0.839316D-03  0.278588D+00  0.247847D+01


           ESTIMATED CORRELATION MATRIX FOR PARAMETER ESTIMATES
                     1             2             3             4             5
              ________      ________      ________      ________      ________
        1       1.000
        2       0.072         1.000
        3      -0.004         0.952         1.000
        4       0.025        -0.005        -0.019         1.000
        5       0.029        -0.003        -0.009         0.115         1.000
        6       0.010         0.042         0.043         0.010         0.053
        7       0.013        -0.003        -0.003         0.002         0.957
        8       0.009         0.037         0.038         0.002         0.004
        9       0.012         0.033         0.031         0.002        -0.044


           ESTIMATED CORRELATION MATRIX FOR PARAMETER ESTIMATES
                     6             7             8             9
              ________      ________      ________      ________
        6       1.000
        7       0.057         1.000
        8       0.977         0.012         1.000
        9       0.914        -0.039         0.977         1.000


TECHNICAL 8 OUTPUT


   TECHNICAL 8 OUTPUT FOR BAYES ESTIMATION

     CHAIN    BSEED
     1        0
     2        285380
     3        253358
     4        93468

                     POTENTIAL       PARAMETER WITH
     ITERATION    SCALE REDUCTION      HIGHEST PSR
     100              1.000               1
     200              1.003               9
     300              1.002               6
     400              1.006               6
     500              1.000               2
     600              1.005               7
     700              1.004               7
     800              1.005               7
     900              1.002               7
     1000             1.002               7
     1100             1.001               2
     1200             1.000               2
     1300             1.000               2
     1400             1.000               7
     1500             1.001               7
     1600             1.000               1
     1700             1.000               6
     1800             1.000               1
     1900             1.000               1
     2000             1.000               7


SUMMARIES OF PLAUSIBLE VALUES (N = NUMBER OF OBSERVATIONS * NUMBER OF IMPUTATIONS)


     SAMPLE STATISTICS


           Means
              PHI           LOGV          B_X
              ________      ________      ________
                0.397         2.439        10.131


           Covariances
              PHI           LOGV          B_X
              ________      ________      ________
 PHI            0.001
 LOGV           0.001         0.131
 B_X           -0.002         1.082         9.554


           Correlations
              PHI           LOGV          B_X
              ________      ________      ________
 PHI            1.000
 LOGV           0.063         1.000
 B_X           -0.027         0.966         1.000


SUMMARY OF PLAUSIBLE STANDARD DEVIATION (N = NUMBER OF OBSERVATIONS)


     SAMPLE STATISTICS


           Means
              PHI_SD        LOGV_SD       B_X_SD
              ________      ________      ________
                0.021         0.041         0.178


           Covariances
              PHI_SD        LOGV_SD       B_X_SD
              ________      ________      ________
 PHI_SD         0.000
 LOGV_SD        0.000         0.000
 B_X_SD         0.000         0.000         0.001


           Correlations
              PHI_SD        LOGV_SD       B_X_SD
              ________      ________      ________
 PHI_SD         1.000
 LOGV_SD        0.161         1.000
 B_X_SD        -0.144        -0.117         1.000


PLOT INFORMATION

The following plots are available:

  Histograms (sample values, estimated factor scores)
  Scatterplots (sample values, estimated factor scores)
  Between-level histograms (sample values, sample/estimated means/variances, estimated factor scores)
  Between-level scatterplots (sample values, sample/estimated means/variances, estimated factor scores)
  Time series plots (sample values, ACF, PACF, estimated factor scores)
  Histogram of subjects per time point
  Time interval plots
  Bayesian posterior parameter distributions
  Bayesian posterior parameter trace plots
  Bayesian autocorrelation plots
  Latent variable distribution plots

     Beginning Time:  15:00:35
        Ending Time:  15:19:31
       Elapsed Time:  00:18:56



MUTHEN & MUTHEN
3463 Stoner Ave.
Los Angeles, CA  90066

Tel: (310) 391-9971
Fax: (310) 391-8971
Web: www.StatModel.com
Support: Support@StatModel.com

Copyright (c) 1998-2021 Muthen & Muthen
